<?xml version="1.0" encoding="UTF-8"?>
<!-- Generated by org.testng.reporters.JUnitReportReporter -->
<testsuite skipped="0" hostname="Raghunaths-MacBook-Pro.local" name="actionClass.MouseHover" tests="1" failures="0" timestamp="21 Mar 2020 01:07:49 GMT" time="12.780" errors="0">
  <testcase name="hover" time="12.780" classname="actionClass.MouseHover"/>
</testsuite> <!-- actionClass.MouseHover -->
