<?xml version="1.0" encoding="UTF-8"?>
<!-- Generated by org.testng.reporters.JUnitReportReporter -->
<testsuite skipped="0" hostname="Raghunaths-MacBook-Pro.local" name="demoPackage.DemoClass" tests="1" failures="0" timestamp="13 Mar 2020 23:58:13 GMT" time="20.392" errors="0">
  <testcase name="test1" time="20.392" classname="demoPackage.DemoClass"/>
</testsuite> <!-- demoPackage.DemoClass -->
