<?xml version="1.0" encoding="UTF-8"?>
<!-- Generated by org.testng.reporters.JUnitReportReporter -->
<testsuite skipped="0" hostname="Raghunaths-MacBook-Pro.local" name="demoPackage.StaticDropdown" tests="1" failures="0" timestamp="14 Mar 2020 02:30:01 GMT" time="12.519" errors="0">
  <testcase name="test1" time="12.519" classname="demoPackage.StaticDropdown"/>
</testsuite> <!-- demoPackage.StaticDropdown -->
