<?xml version="1.0" encoding="UTF-8"?>
<!-- Generated by org.testng.reporters.JUnitReportReporter -->
<testsuite skipped="0" hostname="Raghunaths-MacBook-Pro.local" name="screenshot_14032020.CaptureScreenshot" tests="1" failures="0" timestamp="19 Mar 2020 03:04:18 GMT" time="10.361" errors="0">
  <testcase name="screensShot" time="10.361" classname="screenshot_14032020.CaptureScreenshot"/>
</testsuite> <!-- screenshot_14032020.CaptureScreenshot -->
