<?xml version="1.0" encoding="UTF-8"?>
<!-- Generated by org.testng.reporters.JUnitReportReporter -->
<testsuite skipped="0" hostname="Raghunaths-MacBook-Pro.local" name="actionClass.RightClick" tests="1" failures="0" timestamp="21 Mar 2020 01:31:55 GMT" time="11.214" errors="0">
  <testcase name="dclick" time="11.214" classname="actionClass.RightClick"/>
</testsuite> <!-- actionClass.RightClick -->
