<?xml version="1.0" encoding="UTF-8"?>
<!-- Generated by org.testng.reporters.JUnitReportReporter -->
<testsuite skipped="0" hostname="Raghunaths-MacBook-Pro.local" name="actionClass.DragAndDrop$DragDrop" tests="1" failures="0" timestamp="21 Mar 2020 01:47:15 GMT" time="12.036" errors="0">
  <testcase name="dclick" time="12.036" classname="actionClass.DragAndDrop$DragDrop"/>
</testsuite> <!-- actionClass.DragAndDrop$DragDrop -->
