<?xml version="1.0" encoding="UTF-8"?>
<!-- Generated by org.testng.reporters.JUnitReportReporter -->
<testsuite skipped="0" hostname="Raghunaths-MacBook-Pro.local" name="actionClass.SpiceJet" tests="1" failures="0" timestamp="21 Mar 2020 01:59:53 GMT" time="25.107" errors="0">
  <testcase name="goToAddons" time="25.107" classname="actionClass.SpiceJet"/>
</testsuite> <!-- actionClass.SpiceJet -->
