<?xml version="1.0" encoding="UTF-8"?>
<!-- Generated by org.testng.reporters.JUnitReportReporter -->
<testsuite skipped="0" hostname="Raghunaths-MacBook-Pro.local" name="demoPackage.BoostStrapDropdown" tests="1" failures="0" timestamp="14 Mar 2020 01:02:37 GMT" time="17.019" errors="0">
  <testcase name="bootStrapDropDown" time="17.019" classname="demoPackage.BoostStrapDropdown"/>
</testsuite> <!-- demoPackage.BoostStrapDropdown -->
